<?xml version="1.0" encoding="UTF-8"?>
<testsuite xmlns:xsi="http://www.w3.org/2001/XMLSchema-instance" xsi:noNamespaceSchemaLocation="https://maven.apache.org/surefire/maven-surefire-plugin/xsd/surefire-test-report.xsd" name="junit5Tests.ParticoesEquivalenciaTest" time="0.001" tests="4" errors="0" skipped="0" failures="0">
  <properties>
[...]
</properties>
  <testcase name="deveCobrarMetadePrecoParaIngressoMeiaEntrada" classname="junit5Tests.ParticoesEquivalenciaTest" time="0"/>
  <testcase name="deveCobrarPrecoDobroParaIngressoVIP" classname="junit5Tests.ParticoesEquivalenciaTest" time="0"/>
  <testcase name="deveGerarErroAoVenderIngressoJaVendido" classname="junit5Tests.ParticoesEquivalenciaTest" time="0"/>
  <testcase name="deveManterPrecoIngressoNormalSemDesconto" classname="junit5Tests.ParticoesEquivalenciaTest" time="0.001"/>
</testsuite>